<?xml version="1.0" encoding="UTF-8"?>
<!-- Generated by org.testng.reporters.JUnitReportReporter -->
<testsuite skipped="5" hostname="EZ-20170527FOCB" name="test.PurPlanTest" tests="5" failures="0" timestamp="21 九月 2017 10:25:03 GMT" time="0.000" errors="0">
  <testcase name="purPlan" time="0.000" classname="test.PurPlanTest">
    <skipped/>
  </testcase> <!-- purPlan -->
  <testcase name="seviceDemand" time="0.000" classname="test.PurPlanTest">
    <skipped/>
  </testcase> <!-- seviceDemand -->
  <testcase name="demandDetails" time="0.000" classname="test.PurPlanTest">
    <skipped/>
  </testcase> <!-- demandDetails -->
  <testcase name="addAccessory" time="0.000" classname="test.PurPlanTest">
    <skipped/>
  </testcase> <!-- addAccessory -->
  <testcase name="foundSource" time="0.000" classname="test.PurPlanTest">
    <skipped/>
  </testcase> <!-- foundSource -->
</testsuite> <!-- test.PurPlanTest -->
