<?xml version="1.0" encoding="UTF-8"?>
<!-- Generated by org.testng.reporters.JUnitReportReporter -->
<testsuite skipped="2" hostname="EZ-20170527FOCB" name="test.ProRecJZTest" tests="2" failures="0" timestamp="21 九月 2017 10:25:03 GMT" time="0.000" errors="0">
  <testcase name="purPlanJZ" time="0.000" classname="test.ProRecJZTest">
    <skipped/>
  </testcase> <!-- purPlanJZ -->
  <testcase name="baseInforJZ" time="0.000" classname="test.ProRecJZTest">
    <skipped/>
  </testcase> <!-- baseInforJZ -->
</testsuite> <!-- test.ProRecJZTest -->
