<?xml version="1.0" encoding="UTF-8"?>
<!-- Generated by org.testng.reporters.JUnitReportReporter -->
<testsuite skipped="1" hostname="EZ-20170527FOCB" name="test.publictest.CheckTest" tests="1" failures="0" timestamp="21 九月 2017 10:25:03 GMT" time="0.000" errors="0">
  <testcase name="projectRecMenu" time="0.000" classname="test.publictest.CheckTest">
    <skipped/>
  </testcase> <!-- projectRecMenu -->
</testsuite> <!-- test.publictest.CheckTest -->
