<?xml version="1.0" encoding="UTF-8"?>
<!-- Generated by org.testng.reporters.JUnitReportReporter -->
<testsuite hostname="C9BD4J2" name="test.FirstTest" tests="1" failures="0" timestamp="24 Apr 2018 02:43:43 GMT" time="7.079" errors="0">
  <testcase name="firstOperate" time="7.079" classname="test.FirstTest"/>
</testsuite> <!-- test.FirstTest -->
