<?xml version="1.0" encoding="UTF-8"?>
<!-- Generated by org.testng.reporters.JUnitReportReporter -->
<testsuite hostname="C9BD4J2" name="test.AnxinAllFamilyTest" tests="1" failures="0" timestamp="10 May 2018 03:47:17 GMT" time="18.585" errors="0">
  <testcase name="basicAllFamily" time="18.585" classname="test.AnxinAllFamilyTest"/>
</testsuite> <!-- test.AnxinAllFamilyTest -->
