<?xml version="1.0" encoding="UTF-8"?>
<!-- Generated by org.testng.reporters.JUnitReportReporter -->
<testsuite hostname="C9BD4J2" name="test.AnlianTravelTest" tests="2" failures="0" timestamp="24 Apr 2018 02:43:43 GMT" time="24.469" errors="0">
  <testcase name="travelMethod" time="14.318" classname="test.AnlianTravelTest"/>
  <testcase name="basicOpe" time="10.151" classname="test.AnlianTravelTest"/>
</testsuite> <!-- test.AnlianTravelTest -->
