<?xml version="1.0" encoding="UTF-8"?>
<!-- Generated by org.testng.reporters.JUnitReportReporter -->
<testsuite hostname="C9BD4J2" name="test.FirstTest" tests="1" failures="0" timestamp="27 Apr 2018 06:02:05 GMT" time="1.402" errors="0">
  <testcase name="login" time="1.402" classname="test.FirstTest"/>
</testsuite> <!-- test.FirstTest -->
