<?xml version="1.0" encoding="UTF-8"?>
<!-- Generated by org.testng.reporters.JUnitReportReporter -->
<testsuite hostname="C9BD4J2" name="test.AnxinHospitalTest" tests="1" failures="0" timestamp="9 May 2018 08:29:09 GMT" time="31.387" errors="0">
  <testcase name="basicHospital" time="31.387" classname="test.AnxinHospitalTest"/>
</testsuite> <!-- test.AnxinHospitalTest -->
