<?xml version="1.0" encoding="UTF-8"?>
<!-- Generated by org.testng.reporters.JUnitReportReporter -->
<testsuite hostname="C9BD4J2" name="test.FirstTest" tests="1" failures="0" timestamp="14 May 2018 08:47:53 GMT" time="12.405" errors="0">
  <testcase name="login" time="12.405" classname="test.FirstTest"/>
</testsuite> <!-- test.FirstTest -->
