<?xml version="1.0" encoding="UTF-8"?>
<!-- Generated by org.testng.reporters.JUnitReportReporter -->
<testsuite hostname="C9BD4J2" name="test.AnlianTravelTest" tests="2" failures="0" timestamp="22 May 2018 08:50:47 GMT" time="24.865" errors="0">
  <testcase name="travelMethod" time="14.567" classname="test.AnlianTravelTest"/>
  <testcase name="basic" time="10.298" classname="test.AnlianTravelTest"/>
</testsuite> <!-- test.AnlianTravelTest -->
