<?xml version="1.0" encoding="UTF-8"?>
<!-- Generated by org.testng.reporters.JUnitReportReporter -->
<testsuite hostname="C9BD4J2" name="test.AnlianTravelTest" tests="2" failures="0" timestamp="27 Apr 2018 06:02:05 GMT" time="18.480" errors="0">
  <testcase name="basic" time="12.186" classname="test.AnlianTravelTest"/>
  <testcase name="travelMethod" time="6.294" classname="test.AnlianTravelTest"/>
</testsuite> <!-- test.AnlianTravelTest -->
