<?xml version="1.0" encoding="UTF-8"?>
<!-- Generated by org.testng.reporters.JUnitReportReporter -->
<testsuite hostname="C9BD4J2" name="test.AnxinHosCostTest" tests="1" failures="0" timestamp="10 May 2018 03:02:04 GMT" time="21.337" errors="0">
  <testcase name="basicHosCost" time="21.337" classname="test.AnxinHosCostTest"/>
</testsuite> <!-- test.AnxinHosCostTest -->
