<?xml version="1.0" encoding="UTF-8"?>
<!-- Generated by org.testng.reporters.JUnitReportReporter -->
<testsuite hostname="C9BD4J2" name="test.AnlianTravelTest" tests="2" failures="0" timestamp="14 May 2018 08:47:53 GMT" time="23.566" errors="0">
  <testcase name="basic" time="12.173" classname="test.AnlianTravelTest"/>
  <testcase name="travelMethod" time="11.393" classname="test.AnlianTravelTest"/>
</testsuite> <!-- test.AnlianTravelTest -->
