<?xml version="1.0" encoding="UTF-8"?>
<!-- Generated by org.testng.reporters.JUnitReportReporter -->
<testsuite hostname="C9BD4J2" name="test.AnxinComprehensTest" tests="1" failures="0" timestamp="10 May 2018 02:47:10 GMT" time="21.652" errors="0">
  <testcase name="basicComprehens" time="21.652" classname="test.AnxinComprehensTest"/>
</testsuite> <!-- test.AnxinComprehensTest -->
